<?xml version="1.0" encoding="UTF-8"?>
<testng-results skipped="0" failed="0" ignored="0" total="1" passed="1">
  <reporter-output>
  </reporter-output>
  <suite name="Example" duration-ms="561" started-at="2020-12-11T16:06:51 CST" finished-at="2020-12-11T16:06:52 CST">
    <groups>
      <group name="cucumber">
        <method signature="AbstractTestNGCucumberTests.runScenario(cucumber.api.testng.PickleEventWrapper, cucumber.api.testng.CucumberFeatureWrapper)[pri:0, instance:runner.Runners@2344fc66]" name="runScenario" class="cucumber.api.testng.AbstractTestNGCucumberTests"/>
      </group> <!-- cucumber -->
    </groups>
    <test name="example" duration-ms="561" started-at="2020-12-11T16:06:51 CST" finished-at="2020-12-11T16:06:52 CST">
      <class name="runner.Runners">
        <test-method status="PASS" signature="setUpClass()[pri:0, instance:runner.Runners@2344fc66]" name="setUpClass" is-config="true" duration-ms="226" started-at="2020-12-11T16:06:51 CST" finished-at="2020-12-11T16:06:51 CST">
          <reporter-output>
          </reporter-output>
        </test-method> <!-- setUpClass -->
        <test-method status="PASS" signature="runScenario(cucumber.api.testng.PickleEventWrapper, cucumber.api.testng.CucumberFeatureWrapper)[pri:0, instance:runner.Runners@2344fc66]" name="runScenario" duration-ms="204" started-at="2020-12-11T16:06:52 CST" description="Runs Cucumber Scenarios" data-provider="scenarios" finished-at="2020-12-11T16:06:52 CST">
          <params>
            <param index="0">
              <value>
                <![CDATA["test"]]>
              </value>
            </param>
            <param index="1">
              <value>
                <![CDATA["a example"]]>
              </value>
            </param>
          </params>
          <reporter-output>
          </reporter-output>
        </test-method> <!-- runScenario -->
        <test-method status="PASS" signature="tearDownClass()[pri:0, instance:runner.Runners@2344fc66]" name="tearDownClass" is-config="true" duration-ms="26" started-at="2020-12-11T16:06:52 CST" finished-at="2020-12-11T16:06:52 CST">
          <reporter-output>
          </reporter-output>
        </test-method> <!-- tearDownClass -->
      </class> <!-- runner.Runners -->
    </test> <!-- example -->
  </suite> <!-- Example -->
</testng-results>
